0 info it worked if it ends with ok
1 verbose cli [ '/usr/local/bin/node', '/usr/local/bin/npm', 'start' ]
2 info using npm@3.8.6
3 info using node@v6.1.0
4 verbose run-script [ 'prestart', 'start', 'poststart' ]
5 info lifecycle wallet-webapp@0.0.1~prestart: wallet-webapp@0.0.1
6 silly lifecycle wallet-webapp@0.0.1~prestart: no script for prestart, continuing
7 info lifecycle wallet-webapp@0.0.1~start: wallet-webapp@0.0.1
8 verbose lifecycle wallet-webapp@0.0.1~start: unsafe-perm in lifecycle true
9 verbose lifecycle wallet-webapp@0.0.1~start: PATH: /usr/local/lib/node_modules/npm/bin/node-gyp-bin:/Users/burdula/workspace2/Identity-Wallet/wallet-web-app/node_modules/.bin:/usr/local/bin:/usr/local/bin:/usr/bin:/bin:/usr/sbin:/sbin
10 verbose lifecycle wallet-webapp@0.0.1~start: CWD: /Users/burdula/workspace2/Identity-Wallet/wallet-web-app
11 silly lifecycle wallet-webapp@0.0.1~start: Args: [ '-c', 'serve ./src' ]
12 info lifecycle wallet-webapp@0.0.1~start: Failed to exec start script
13 verbose stack Error: wallet-webapp@0.0.1 start: `serve ./src`
13 verbose stack spawn ENOENT
13 verbose stack     at ChildProcess.<anonymous> (/usr/local/lib/node_modules/npm/lib/utils/spawn.js:17:16)
13 verbose stack     at emitTwo (events.js:106:13)
13 verbose stack     at ChildProcess.emit (events.js:191:7)
13 verbose stack     at maybeClose (internal/child_process.js:850:16)
13 verbose stack     at Process.ChildProcess._handle.onexit (internal/child_process.js:215:5)
14 verbose pkgid wallet-webapp@0.0.1
15 verbose cwd /Users/burdula/workspace2/Identity-Wallet/wallet-web-app
16 error Darwin 17.2.0
17 error argv "/usr/local/bin/node" "/usr/local/bin/npm" "start"
18 error node v6.1.0
19 error npm  v3.8.6
20 error file sh
21 error code ELIFECYCLE
22 error errno ENOENT
23 error syscall spawn
24 error wallet-webapp@0.0.1 start: `serve ./src`
24 error spawn ENOENT
25 error Failed at the wallet-webapp@0.0.1 start script 'serve ./src'.
25 error Make sure you have the latest version of node.js and npm installed.
25 error If you do, this is most likely a problem with the wallet-webapp package,
25 error not with npm itself.
25 error Tell the author that this fails on your system:
25 error     serve ./src
25 error You can get information on how to open an issue for this project with:
25 error     npm bugs wallet-webapp
25 error Or if that isn't available, you can get their info via:
25 error     npm owner ls wallet-webapp
25 error There is likely additional logging output above.
26 verbose exit [ 1, true ]
